Hello zhangy50! You are on node gpu47.  The time is Sat Apr  5 19:52:40 EEST 2025.
Sat Apr  5 19:52:40 2025       
+-----------------------------------------------------------------------------------------+
| NVIDIA-SMI 570.124.06             Driver Version: 570.124.06     CUDA Version: 12.8     |
|-----------------------------------------+------------------------+----------------------+
| GPU  Name                 Persistence-M | Bus-Id          Disp.A | Volatile Uncorr. ECC |
| Fan  Temp   Perf          Pwr:Usage/Cap |           Memory-Usage | GPU-Util  Compute M. |
|                                         |                        |               MIG M. |
|=========================================+========================+======================|
|   0  NVIDIA H100 80GB HBM3          On  |   00000000:4E:00.0 Off |                    0 |
| N/A   54C    P0             76W /  700W |       1MiB /  81559MiB |      0%      Default |
|                                         |                        |             Disabled |
+-----------------------------------------+------------------------+----------------------+
                                                                                         
+-----------------------------------------------------------------------------------------+
| Processes:                                                                              |
|  GPU   GI   CI              PID   Type   Process name                        GPU Memory |
|        ID   ID                                                               Usage      |
|=========================================================================================|
|  No running processes found                                                             |
+-----------------------------------------------------------------------------------------+
/scratch/work/zhangy50/RL/openvla
['/scratch/work/zhangy50/RL/openvla/vla-scripts', '/scratch/work/zhangy50/.conda_envs/openvla-spot/lib/python310.zip', '/scratch/work/zhangy50/.conda_envs/openvla-spot/lib/python3.10', '/scratch/work/zhangy50/.conda_envs/openvla-spot/lib/python3.10/lib-dynload', '/scratch/work/zhangy50/.conda_envs/openvla-spot/lib/python3.10/site-packages', '__editable__.openvla-0.0.3.finder.__path_hook__']
2025-04-05 19:53:13.705751: I tensorflow/core/util/port.cc:113] oneDNN custom operations are on. You may see slightly different numerical results due to floating-point round-off errors from different computation orders. To turn them off, set the environment variable `TF_ENABLE_ONEDNN_OPTS=0`.
2025-04-05 19:53:17.157369: E external/local_xla/xla/stream_executor/cuda/cuda_dnn.cc:9261] Unable to register cuDNN factory: Attempting to register factory for plugin cuDNN when one has already been registered
2025-04-05 19:53:17.170761: E external/local_xla/xla/stream_executor/cuda/cuda_fft.cc:607] Unable to register cuFFT factory: Attempting to register factory for plugin cuFFT when one has already been registered
2025-04-05 19:53:17.622095: E external/local_xla/xla/stream_executor/cuda/cuda_blas.cc:1515] Unable to register cuBLAS factory: Attempting to register factory for plugin cuBLAS when one has already been registered
2025-04-05 19:53:19.219046: I tensorflow/core/platform/cpu_feature_guard.cc:182] This TensorFlow binary is optimized to use available CPU instructions in performance-critical operations.
To enable the following instructions: AVX2 AVX512F AVX512_VNNI AVX512_BF16 AVX_VNNI AMX_TILE AMX_INT8 AMX_BF16 FMA, in other operations, rebuild TensorFlow with the appropriate compiler flags.
2025-04-05 19:53:24.830427: W tensorflow/compiler/tf2tensorrt/utils/py_utils.cc:38] TF-TRT Warning: Could not find TensorRT
2025-04-05 19:53:42.773837: W tensorflow/core/common_runtime/gpu/gpu_device.cc:2348] TensorFlow was not built with CUDA kernel binaries compatible with compute capability 9.0. CUDA kernels will be jit-compiled from PTX, which could take 30 minutes or longer.
Fine-tuning OpenVLA Model `openvla/openvla-7b` on `spot_kitchen`

Loading checkpoint shards:   0%|          | 0/3 [00:00<?, ?it/s]
Loading checkpoint shards:  33%|███▎      | 1/3 [00:03<00:07,  3.98s/it]
Loading checkpoint shards:  67%|██████▋   | 2/3 [00:05<00:02,  2.51s/it]
Loading checkpoint shards: 100%|██████████| 3/3 [00:05<00:00,  1.51s/it]
Loading checkpoint shards: 100%|██████████| 3/3 [00:05<00:00,  1.93s/it]
trainable params: 110,828,288 || all params: 7,652,065,472 || trainable%: 1.4483
Traceback (most recent call last): 
  File "/scratch/work/zhangy50/RL/openvla/vla-scripts/finetune.py", line 372, in <module>
    finetune()
  File "/scratch/work/zhangy50/.conda_envs/openvla-spot/lib/python3.10/site-packages/draccus/argparsing.py", line 203, in wrapper_inner
    response = fn(cfg, *args, **kwargs)
  File "/scratch/work/zhangy50/RL/openvla/vla-scripts/finetune.py", line 219, in finetune
    vla_dataset = RLDSDataset(
  File "/scratch/work/zhangy50/RL/openvla/prismatic/vla/datasets/datasets.py", line 92, in __init__
    per_dataset_kwargs, weights = get_oxe_dataset_kwargs_and_weights(
  File "/scratch/work/zhangy50/RL/openvla/prismatic/vla/datasets/rlds/oxe/materialize.py", line 116, in get_oxe_dataset_kwargs_and_weights
    make_oxe_dataset_kwargs(
  File "/scratch/work/zhangy50/RL/openvla/prismatic/vla/datasets/rlds/oxe/materialize.py", line 31, in make_oxe_dataset_kwargs
    dataset_kwargs = deepcopy(OXE_DATASET_CONFIGS[dataset_name])
KeyError: 'spot_kitchen'
[2025-04-05 19:54:46,037] torch.distributed.elastic.multiprocessing.api: [ERROR] failed (exitcode: 1) local_rank: 0 (pid: 3269359) of binary: /scratch/work/zhangy50/.conda_envs/openvla-spot/bin/python3.10
Traceback (most recent call last):
  File "/scratch/work/zhangy50/.conda_envs/openvla-spot/bin/torchrun", line 8, in <module>
    sys.exit(main())
  File "/scratch/work/zhangy50/.conda_envs/openvla-spot/lib/python3.10/site-packages/torch/distributed/elastic/multiprocessing/errors/__init__.py", line 347, in wrapper
    return f(*args, **kwargs)
  File "/scratch/work/zhangy50/.conda_envs/openvla-spot/lib/python3.10/site-packages/torch/distributed/run.py", line 812, in main
    run(args)
  File "/scratch/work/zhangy50/.conda_envs/openvla-spot/lib/python3.10/site-packages/torch/distributed/run.py", line 803, in run
    elastic_launch(
  File "/scratch/work/zhangy50/.conda_envs/openvla-spot/lib/python3.10/site-packages/torch/distributed/launcher/api.py", line 135, in __call__
    return launch_agent(self._config, self._entrypoint, list(args))
  File "/scratch/work/zhangy50/.conda_envs/openvla-spot/lib/python3.10/site-packages/torch/distributed/launcher/api.py", line 268, in launch_agent
    raise ChildFailedError(
torch.distributed.elastic.multiprocessing.errors.ChildFailedError: 
============================================================
vla-scripts/finetune.py FAILED
------------------------------------------------------------
Failures:
  <NO_OTHER_FAILURES>
------------------------------------------------------------
Root Cause (first observed failure):
[0]:
  time      : 2025-04-05_19:54:46
  host      : gpu47.int.triton.aalto.fi
  rank      : 0 (local_rank: 0)
  exitcode  : 1 (pid: 3269359)
  error_file: <N/A>
  traceback : To enable traceback see: https://pytorch.org/docs/stable/elastic/errors.html
============================================================







Solution, configs and transforms, register the new dataset spot_kitchen. OXE_STANDARDIZATION_TRANSFORMS